[2024-03-30 17:56:26,270][torch.distributed.nn.jit.instantiator][INFO] - Created a temporary directory at /tmp/tmpyfsmvowk
[2024-03-30 17:56:26,270][torch.distributed.nn.jit.instantiator][INFO] - Writing /tmp/tmpyfsmvowk/_remote_module_non_scriptable.py
[2024-03-30 17:56:32,469][pytorch_lightning.utilities.rank_zero][INFO] - GPU available: True (cuda), used: True
[2024-03-30 17:56:32,470][pytorch_lightning.utilities.rank_zero][INFO] - TPU available: False, using: 0 TPU cores
[2024-03-30 17:56:32,473][pytorch_lightning.utilities.rank_zero][INFO] - IPU available: False, using: 0 IPUs
[2024-03-30 17:56:32,475][pytorch_lightning.utilities.rank_zero][INFO] - HPU available: False, using: 0 HPUs
[2024-03-30 17:56:32,737][pytorch_lightning.accelerators.cuda][INFO] - LOCAL_RANK: 0 - CUDA_VISIBLE_DEVICES: [0]
[2024-03-30 17:56:32,742][pytorch_lightning.callbacks.model_summary][INFO] - 
  | Name          | Type             | Params
---------------------------------------------------
0 | model         | GCNConvModel     | 133 K 
1 | train_metrics | MetricCollection | 0     
2 | val_metrics   | MetricCollection | 0     
3 | test_metrics  | MetricCollection | 0     
---------------------------------------------------
133 K     Trainable params
0         Non-trainable params
133 K     Total params
0.534     Total estimated model params size (MB)
[2024-03-30 18:26:58,270][pytorch_lightning.utilities.rank_zero][INFO] - `Trainer.fit` stopped: `max_epochs=400` reached.
[2024-03-30 18:26:59,277][pytorch_lightning.accelerators.cuda][INFO] - LOCAL_RANK: 0 - CUDA_VISIBLE_DEVICES: [0]
